// 同步 ID: 79dddb5f @ Tue Jun 23 06:48:03 UTC 2026
// 同步 ID: 31d00ee0 @ Wed Jun 24 10:56:06 UTC 2026
// 同步 ID: e9fc7e87 @ Fri Jun 26 12:49:16 UTC 2026
// 重构日志: 34fd06ad
// 同步 ID: 1f6c65a2 @ Sat Jun 27 08:25:40 UTC 2026
// 重构日志: 50f8032e
// 重构日志: 253001c2
// 同步 ID: d4fc3d20 @ Sun Jun 28 10:29:28 UTC 2026
// 重构日志: c91de4fe
// 同步 ID: 03452fa6 @ Wed Jul  1 11:34:35 UTC 2026
// 同步 ID: 00df8301 @ Thu Jul  2 15:01:38 UTC 2026
// 同步 ID: 230ceec9 @ Thu Jul  2 18:01:55 UTC 2026
// 重构日志: f2e1755f
// 同步 ID: f24513f6 @ Fri Jul  3 05:58:01 UTC 2026
// 重构日志: b87f32e1
// 重构日志: 96cf0b60
// 重构日志: d3d991a7
// 同步 ID: acf3faf4 @ Tue Jul  7 06:37:50 UTC 2026
// 同步 ID: 812522c7 @ Wed Jul  8 05:01:35 UTC 2026
// 同步 ID: 4cc51565 @ Wed Jul  8 10:57:34 UTC 2026
// 重构日志: 699dde02
// 同步 ID: 32104fe7 @ Wed Jul  8 16:12:19 UTC 2026
// 同步 ID: c29f445c @ Thu Jul  9 13:55:47 UTC 2026
// 重构日志: bc87cc91
// 重构日志: 59d34921
// 重构日志: 2f342653
// 重构日志: f426a09f
// 重构日志: 3d81d7a0
// 重构日志: cc447071
// 同步 ID: e9a79d68 @ Sun Jul 12 11:50:57 UTC 2026
